( 2023-03-02 01:47:50 ) warn : product added
( 2023-03-02 01:47:50 ) warn : product added
( 2023-03-02 01:47:50 ) warn : product added
( 2023-03-02 01:47:50 ) warn : product added
( 2023-03-02 01:47:51 ) warn : product added
( 2023-03-02 01:48:00 ) warn : product added
( 2023-03-02 01:48:00 ) warn : product added
( 2023-03-02 01:48:00 ) warn : product added
( 2023-03-02 01:48:00 ) warn : product added
( 2023-03-02 01:48:00 ) warn : product added
( 2023-03-02 01:48:37 ) warn : product added
( 2023-03-02 01:48:37 ) warn : product added
( 2023-03-02 01:48:37 ) warn : product added
( 2023-03-02 01:48:37 ) warn : product added
( 2023-03-02 01:48:38 ) warn : product added
( 2023-03-02 01:49:05 ) warn : product added
( 2023-03-02 01:49:05 ) warn : product added
( 2023-03-02 01:49:05 ) warn : product added
( 2023-03-02 01:49:05 ) warn : product added
( 2023-03-02 01:49:05 ) warn : product added
( 2023-03-02 01:49:10 ) warn : product added
( 2023-03-02 01:49:10 ) warn : product added
( 2023-03-02 01:49:10 ) warn : product added
( 2023-03-02 01:49:10 ) warn : product added
( 2023-03-02 01:49:10 ) warn : product added
( 2023-03-02 02:23:22 ) warn : product added
( 2023-03-02 02:23:23 ) warn : product added
( 2023-03-02 02:23:23 ) warn : product added
( 2023-03-02 02:23:23 ) warn : product added
( 2023-03-02 02:23:23 ) warn : product added
( 2023-03-02 02:23:28 ) warn : product added
( 2023-03-02 02:23:28 ) warn : product added
( 2023-03-02 02:23:28 ) warn : product added
( 2023-03-02 02:23:28 ) warn : product added
( 2023-03-02 02:23:28 ) warn : product added
( 2023-03-02 02:23:30 ) warn : product added
( 2023-03-02 02:23:30 ) warn : product added
( 2023-03-02 02:23:30 ) warn : product added
( 2023-03-02 02:23:30 ) warn : product added
( 2023-03-02 02:23:30 ) warn : product added
( 2023-03-02 02:23:32 ) warn : product added
( 2023-03-02 02:23:32 ) warn : product added
( 2023-03-02 02:23:32 ) warn : product added
( 2023-03-02 02:23:32 ) warn : product added
( 2023-03-02 02:23:32 ) warn : product added
( 2023-03-03 02:16:29 ) warn : product added
( 2023-03-03 02:25:31 ) warn : product added
( 2023-03-04 02:37:25 ) warn :  productos added
( 2023-03-04 02:37:40 ) warn :  productos added
( 2023-03-04 02:37:40 ) warn :  productos added
( 2023-03-04 02:37:40 ) warn :  productos added
( 2023-03-04 02:37:40 ) warn :  productos added
( 2023-03-04 02:37:40 ) warn :  productos added
( 2023-03-04 02:41:27 ) warn :  users added
( 2023-03-04 02:42:26 ) warn :  users added
( 2023-03-04 02:42:41 ) warn :  productos added
( 2023-03-04 02:45:07 ) warn :  products added
( 2023-03-04 02:46:25 ) warn :  products added
( 2023-03-04 02:46:44 ) warn :  users added
( 2023-03-04 03:00:39 ) warn :  products added
( 2023-03-04 03:00:39 ) warn :  products added
( 2023-03-04 03:00:39 ) warn :  products added
( 2023-03-04 03:00:39 ) warn :  products added
( 2023-03-04 03:00:39 ) warn :  products added
( 2023-03-04 03:01:18 ) warn :  products added
( 2023-03-04 03:01:53 ) warn :  users added
( 2023-03-04 03:35:18 ) warn : Datos Guardados
( 2023-03-04 03:37:14 ) warn : Datos Guardados
( 2023-03-06 01:01:27 ) warn :  products added
( 2023-03-06 01:01:27 ) warn :  products added
( 2023-03-06 01:01:27 ) warn :  products added
( 2023-03-06 01:01:27 ) warn :  products added
( 2023-03-06 01:01:27 ) warn :  products added
( 2023-03-06 01:23:43 ) warn :  products added
( 2023-03-06 01:23:43 ) warn :  products added
( 2023-03-06 01:23:43 ) warn :  products added
( 2023-03-06 01:23:43 ) warn :  products added
( 2023-03-06 01:23:43 ) warn :  products added
( 2023-03-06 01:39:06 ) warn :  products added
( 2023-03-06 01:39:06 ) warn :  products added
( 2023-03-06 01:39:06 ) warn :  products added
( 2023-03-06 01:39:06 ) warn :  products added
( 2023-03-06 01:39:06 ) warn :  products added
( 2023-03-06 04:03:46 ) warn : Edited
( 2023-03-06 04:04:13 ) warn : Edited
( 2023-03-06 04:06:08 ) warn : Edited
( 2023-03-06 04:06:13 ) warn : Edited
( 2023-03-06 04:06:57 ) warn : Edited
( 2023-03-06 04:06:59 ) warn : Edited
( 2023-03-06 04:08:34 ) warn : Edited
( 2023-03-06 04:08:36 ) warn : Edited
( 2023-03-06 04:08:38 ) warn : Edited
( 2023-03-06 04:10:48 ) warn : Edited
( 2023-03-06 04:11:26 ) warn : Edited
( 2023-03-06 04:14:59 ) warn : Edited
( 2023-03-06 04:15:36 ) warn : Edited
( 2023-03-06 04:20:02 ) warn : Edited
( 2023-03-06 04:20:28 ) warn : Edited
( 2023-03-06 04:20:54 ) warn : Edited
( 2023-03-06 04:21:49 ) warn : Edited
( 2023-03-06 04:22:06 ) warn : Edited
( 2023-03-06 04:22:53 ) warn : Edited
( 2023-03-06 04:23:18 ) warn : Edited
( 2023-03-06 04:24:39 ) warn : Edited
( 2023-03-06 04:25:24 ) warn : Edited
( 2023-03-06 04:27:42 ) warn : Edited
( 2023-03-06 04:27:55 ) warn : Edited
( 2023-03-06 04:28:25 ) warn : Edited
( 2023-03-06 04:29:41 ) warn : Edited
( 2023-03-06 04:30:24 ) warn : Edited
( 2023-03-06 04:30:43 ) warn : Edited
( 2023-03-06 04:30:55 ) warn : Edited
( 2023-03-06 04:31:24 ) warn : Edited
( 2023-03-06 04:31:28 ) warn : Edited
( 2023-03-06 04:32:23 ) warn : Edited
( 2023-03-06 04:33:09 ) warn : Edited
( 2023-03-06 04:36:06 ) warn : Edited
( 2023-03-06 04:53:19 ) warn :  carritos added
( 2023-03-06 04:53:19 ) warn :  users added
( 2023-03-06 04:54:45 ) warn :  carritos added
( 2023-03-06 04:54:45 ) warn :  users added
( 2023-03-06 05:01:31 ) warn :  carritos added
( 2023-03-06 05:01:31 ) warn :  users added
( 2023-03-06 05:04:06 ) warn :  carritos added
( 2023-03-06 05:04:06 ) warn :  users added
( 2023-03-06 05:05:33 ) warn :  carritos added
( 2023-03-06 05:05:33 ) warn :  users added
( 2023-03-06 05:07:58 ) warn :  carritos added
( 2023-03-06 05:07:58 ) warn :  users added
( 2023-03-06 05:09:31 ) warn :  carritos added
( 2023-03-06 05:09:31 ) warn :  users added
( 2023-03-06 05:10:33 ) warn :  carritos added
( 2023-03-06 05:10:33 ) warn :  users added
( 2023-03-06 05:11:16 ) warn :  carritos added
( 2023-03-06 05:11:16 ) warn :  users added
( 2023-03-06 05:36:09 ) warn : Edited
( 2023-03-06 05:40:02 ) warn :  carritos added
( 2023-03-06 05:40:02 ) warn :  users added
( 2023-03-06 05:40:40 ) warn : Edited
( 2023-03-06 05:40:54 ) warn : Edited
( 2023-03-06 11:19:40 ) warn :  carritos added
( 2023-03-06 11:19:40 ) warn :  users added
( 2023-03-06 21:25:08 ) warn :  products added
( 2023-03-07 23:37:38 ) warn :  products added
( 2023-03-07 23:37:38 ) warn :  products added
( 2023-03-07 23:37:38 ) warn :  products added
( 2023-03-07 23:37:38 ) warn :  products added
( 2023-03-07 23:37:38 ) warn :  products added
( 2023-03-07 23:38:36 ) warn :  products added
( 2023-03-07 23:38:36 ) warn :  products added
( 2023-03-07 23:38:36 ) warn :  products added
( 2023-03-07 23:38:36 ) warn :  products added
( 2023-03-07 23:38:36 ) warn :  products added
( 2023-03-07 23:38:45 ) warn :  products added
( 2023-03-07 23:38:45 ) warn :  products added
( 2023-03-07 23:38:45 ) warn :  products added
( 2023-03-07 23:38:45 ) warn :  products added
( 2023-03-07 23:38:45 ) warn :  products added
( 2023-03-07 23:38:58 ) warn :  products added
( 2023-03-07 23:38:59 ) warn :  products added
( 2023-03-07 23:38:59 ) warn :  products added
( 2023-03-07 23:38:59 ) warn :  products added
( 2023-03-07 23:38:59 ) warn :  products added
( 2023-03-07 23:39:00 ) warn :  products added
( 2023-03-07 23:39:00 ) warn :  products added
( 2023-03-07 23:39:00 ) warn :  products added
( 2023-03-07 23:39:00 ) warn :  products added
( 2023-03-07 23:39:00 ) warn :  products added
( 2023-03-07 23:39:43 ) warn :  products added
( 2023-03-07 23:39:43 ) warn :  products added
( 2023-03-07 23:39:43 ) warn :  products added
( 2023-03-07 23:39:43 ) warn :  products added
( 2023-03-07 23:39:43 ) warn :  products added
( 2023-03-07 23:40:08 ) warn :  products added
( 2023-03-07 23:40:08 ) warn :  products added
( 2023-03-07 23:40:08 ) warn :  products added
( 2023-03-07 23:40:08 ) warn :  products added
( 2023-03-07 23:40:08 ) warn :  products added
( 2023-03-07 23:40:33 ) warn :  products added
( 2023-03-07 23:40:33 ) warn :  products added
( 2023-03-07 23:40:33 ) warn :  products added
( 2023-03-07 23:40:33 ) warn :  products added
( 2023-03-07 23:40:33 ) warn :  products added
( 2023-03-07 23:40:38 ) warn :  products added
( 2023-03-07 23:40:38 ) warn :  products added
( 2023-03-07 23:40:39 ) warn :  products added
( 2023-03-07 23:40:39 ) warn :  products added
( 2023-03-07 23:40:39 ) warn :  products added
( 2023-03-07 23:41:51 ) warn :  products added
( 2023-03-07 23:41:51 ) warn :  products added
( 2023-03-07 23:41:51 ) warn :  products added
( 2023-03-07 23:41:51 ) warn :  products added
( 2023-03-07 23:41:52 ) warn :  products added
( 2023-03-07 23:41:52 ) warn :  products added
( 2023-03-07 23:41:52 ) warn :  products added
( 2023-03-07 23:41:52 ) warn :  products added
( 2023-03-07 23:41:52 ) warn :  products added
( 2023-03-07 23:41:52 ) warn :  products added
( 2023-03-07 23:41:52 ) warn :  products added
( 2023-03-07 23:41:52 ) warn :  products added
( 2023-03-07 23:41:52 ) warn :  products added
( 2023-03-07 23:41:52 ) warn :  products added
( 2023-03-07 23:41:52 ) warn :  products added
( 2023-03-07 23:41:53 ) warn :  products added
( 2023-03-07 23:41:53 ) warn :  products added
( 2023-03-07 23:41:53 ) warn :  products added
( 2023-03-07 23:41:53 ) warn :  products added
( 2023-03-07 23:41:53 ) warn :  products added
( 2023-03-07 23:41:53 ) warn :  products added
( 2023-03-07 23:41:53 ) warn :  products added
( 2023-03-07 23:41:53 ) warn :  products added
( 2023-03-07 23:41:53 ) warn :  products added
( 2023-03-07 23:41:53 ) warn :  products added
( 2023-03-07 23:41:53 ) warn :  products added
( 2023-03-07 23:41:53 ) warn :  products added
( 2023-03-07 23:41:54 ) warn :  products added
( 2023-03-07 23:41:54 ) warn :  products added
( 2023-03-07 23:41:54 ) warn :  products added
( 2023-03-07 23:41:54 ) warn :  products added
( 2023-03-07 23:41:54 ) warn :  products added
( 2023-03-07 23:41:54 ) warn :  products added
( 2023-03-07 23:41:54 ) warn :  products added
( 2023-03-07 23:41:54 ) warn :  products added
( 2023-03-07 23:41:54 ) warn :  products added
( 2023-03-07 23:41:54 ) warn :  products added
( 2023-03-07 23:41:54 ) warn :  products added
( 2023-03-07 23:41:55 ) warn :  products added
( 2023-03-07 23:41:55 ) warn :  products added
( 2023-03-07 23:41:55 ) warn :  products added
( 2023-03-07 23:41:55 ) warn :  products added
( 2023-03-07 23:41:55 ) warn :  products added
( 2023-03-07 23:41:55 ) warn :  products added
( 2023-03-07 23:41:55 ) warn :  products added
( 2023-03-07 23:41:55 ) warn :  products added
( 2023-03-07 23:41:55 ) warn :  products added
( 2023-03-07 23:41:55 ) warn :  products added
( 2023-03-07 23:41:55 ) warn :  products added
( 2023-03-07 23:41:55 ) warn :  products added
( 2023-03-07 23:41:56 ) warn :  products added
( 2023-03-07 23:41:56 ) warn :  products added
( 2023-03-07 23:41:56 ) warn :  products added
( 2023-03-07 23:41:56 ) warn :  products added
( 2023-03-07 23:41:56 ) warn :  products added
( 2023-03-07 23:41:56 ) warn :  products added
( 2023-03-07 23:41:56 ) warn :  products added
( 2023-03-07 23:41:56 ) warn :  products added
( 2023-03-07 23:41:56 ) warn :  products added
( 2023-03-07 23:41:56 ) warn :  products added
( 2023-03-07 23:41:56 ) warn :  products added
( 2023-03-07 23:41:57 ) warn :  products added
( 2023-03-07 23:41:57 ) warn :  products added
( 2023-03-07 23:41:57 ) warn :  products added
( 2023-03-07 23:41:57 ) warn :  products added
( 2023-03-07 23:41:57 ) warn :  products added
( 2023-03-07 23:41:57 ) warn :  products added
( 2023-03-07 23:41:57 ) warn :  products added
( 2023-03-07 23:41:57 ) warn :  products added
( 2023-03-07 23:41:57 ) warn :  products added
( 2023-03-07 23:41:57 ) warn :  products added
( 2023-03-07 23:41:57 ) warn :  products added
( 2023-03-07 23:41:57 ) warn :  products added
( 2023-03-07 23:41:58 ) warn :  products added
( 2023-03-07 23:41:58 ) warn :  products added
( 2023-03-07 23:41:58 ) warn :  products added
( 2023-03-07 23:41:58 ) warn :  products added
( 2023-03-07 23:41:58 ) warn :  products added
( 2023-03-07 23:41:58 ) warn :  products added
( 2023-03-07 23:41:58 ) warn :  products added
( 2023-03-07 23:41:58 ) warn :  products added
( 2023-03-07 23:41:58 ) warn :  products added
( 2023-03-07 23:41:58 ) warn :  products added
( 2023-03-07 23:41:58 ) warn :  products added
( 2023-03-07 23:41:59 ) warn :  products added
( 2023-03-07 23:41:59 ) warn :  products added
( 2023-03-07 23:41:59 ) warn :  products added
( 2023-03-07 23:41:59 ) warn :  products added
( 2023-03-07 23:41:59 ) warn :  products added
( 2023-03-07 23:41:59 ) warn :  products added
( 2023-03-07 23:41:59 ) warn :  products added
( 2023-03-07 23:41:59 ) warn :  products added
( 2023-03-07 23:41:59 ) warn :  products added
( 2023-03-07 23:41:59 ) warn :  products added
( 2023-03-07 23:41:59 ) warn :  products added
( 2023-03-07 23:41:59 ) warn :  products added
( 2023-03-07 23:42:00 ) warn :  products added
( 2023-03-07 23:42:00 ) warn :  products added
( 2023-03-07 23:42:00 ) warn :  products added
( 2023-03-07 23:42:00 ) warn :  products added
( 2023-03-07 23:42:00 ) warn :  products added
( 2023-03-07 23:42:00 ) warn :  products added
( 2023-03-07 23:42:00 ) warn :  products added
( 2023-03-07 23:42:00 ) warn :  products added
( 2023-03-07 23:42:00 ) warn :  products added
( 2023-03-07 23:42:00 ) warn :  products added
( 2023-03-07 23:42:00 ) warn :  products added
( 2023-03-07 23:42:01 ) warn :  products added
( 2023-03-07 23:42:01 ) warn :  products added
( 2023-03-07 23:42:01 ) warn :  products added
( 2023-03-07 23:42:01 ) warn :  products added
( 2023-03-07 23:42:01 ) warn :  products added
( 2023-03-07 23:42:01 ) warn :  products added
( 2023-03-07 23:42:01 ) warn :  products added
( 2023-03-07 23:42:01 ) warn :  products added
( 2023-03-07 23:42:01 ) warn :  products added
( 2023-03-07 23:42:01 ) warn :  products added
( 2023-03-07 23:42:01 ) warn :  products added
( 2023-03-07 23:42:02 ) warn :  products added
( 2023-03-07 23:42:02 ) warn :  products added
( 2023-03-07 23:42:02 ) warn :  products added
( 2023-03-07 23:42:02 ) warn :  products added
( 2023-03-07 23:42:02 ) warn :  products added
( 2023-03-07 23:42:02 ) warn :  products added
( 2023-03-07 23:42:02 ) warn :  products added
( 2023-03-07 23:42:02 ) warn :  products added
( 2023-03-07 23:42:02 ) warn :  products added
( 2023-03-07 23:42:02 ) warn :  products added
( 2023-03-07 23:42:02 ) warn :  products added
( 2023-03-07 23:42:03 ) warn :  products added
( 2023-03-07 23:42:03 ) warn :  products added
( 2023-03-07 23:42:03 ) warn :  products added
( 2023-03-07 23:42:03 ) warn :  products added
( 2023-03-07 23:42:03 ) warn :  products added
( 2023-03-07 23:42:03 ) warn :  products added
( 2023-03-07 23:42:03 ) warn :  products added
( 2023-03-07 23:42:03 ) warn :  products added
( 2023-03-07 23:42:03 ) warn :  products added
( 2023-03-07 23:42:03 ) warn :  products added
( 2023-03-07 23:42:03 ) warn :  products added
( 2023-03-07 23:42:03 ) warn :  products added
( 2023-03-07 23:42:04 ) warn :  products added
( 2023-03-07 23:42:04 ) warn :  products added
( 2023-03-07 23:42:04 ) warn :  products added
( 2023-03-07 23:42:04 ) warn :  products added
( 2023-03-07 23:42:04 ) warn :  products added
( 2023-03-07 23:42:04 ) warn :  products added
( 2023-03-07 23:42:04 ) warn :  products added
( 2023-03-07 23:42:04 ) warn :  products added
( 2023-03-07 23:42:04 ) warn :  products added
( 2023-03-07 23:42:04 ) warn :  products added
( 2023-03-07 23:42:04 ) warn :  products added
( 2023-03-07 23:42:04 ) warn :  products added
( 2023-03-07 23:42:05 ) warn :  products added
( 2023-03-07 23:42:05 ) warn :  products added
( 2023-03-07 23:42:05 ) warn :  products added
( 2023-03-07 23:42:05 ) warn :  products added
( 2023-03-07 23:42:05 ) warn :  products added
( 2023-03-07 23:42:05 ) warn :  products added
( 2023-03-07 23:42:05 ) warn :  products added
( 2023-03-07 23:42:05 ) warn :  products added
( 2023-03-07 23:42:05 ) warn :  products added
( 2023-03-07 23:42:05 ) warn :  products added
( 2023-03-07 23:42:05 ) warn :  products added
( 2023-03-07 23:42:06 ) warn :  products added
( 2023-03-07 23:42:06 ) warn :  products added
( 2023-03-07 23:42:06 ) warn :  products added
( 2023-03-07 23:42:06 ) warn :  products added
( 2023-03-07 23:42:06 ) warn :  products added
( 2023-03-07 23:42:06 ) warn :  products added
( 2023-03-07 23:42:06 ) warn :  products added
( 2023-03-07 23:42:06 ) warn :  products added
( 2023-03-07 23:42:06 ) warn :  products added
( 2023-03-07 23:42:06 ) warn :  products added
( 2023-03-07 23:42:06 ) warn :  products added
( 2023-03-07 23:42:07 ) warn :  products added
( 2023-03-07 23:42:07 ) warn :  products added
( 2023-03-07 23:42:07 ) warn :  products added
( 2023-03-07 23:42:07 ) warn :  products added
( 2023-03-07 23:42:07 ) warn :  products added
( 2023-03-07 23:42:07 ) warn :  products added
( 2023-03-07 23:42:07 ) warn :  products added
( 2023-03-07 23:42:07 ) warn :  products added
( 2023-03-07 23:42:07 ) warn :  products added
( 2023-03-07 23:42:07 ) warn :  products added
( 2023-03-07 23:42:07 ) warn :  products added
( 2023-03-07 23:42:07 ) warn :  products added
( 2023-03-07 23:42:08 ) warn :  products added
( 2023-03-07 23:42:08 ) warn :  products added
( 2023-03-07 23:42:08 ) warn :  products added
( 2023-03-07 23:42:08 ) warn :  products added
( 2023-03-07 23:42:08 ) warn :  products added
( 2023-03-07 23:42:08 ) warn :  products added
( 2023-03-07 23:42:08 ) warn :  products added
( 2023-03-07 23:42:08 ) warn :  products added
( 2023-03-07 23:42:08 ) warn :  products added
( 2023-03-07 23:42:08 ) warn :  products added
( 2023-03-07 23:42:08 ) warn :  products added
( 2023-03-07 23:42:09 ) warn :  products added
( 2023-03-07 23:42:09 ) warn :  products added
( 2023-03-07 23:42:09 ) warn :  products added
( 2023-03-07 23:42:09 ) warn :  products added
( 2023-03-07 23:42:09 ) warn :  products added
( 2023-03-07 23:42:09 ) warn :  products added
( 2023-03-07 23:42:09 ) warn :  products added
( 2023-03-07 23:42:09 ) warn :  products added
( 2023-03-07 23:42:09 ) warn :  products added
( 2023-03-07 23:42:09 ) warn :  products added
( 2023-03-07 23:42:09 ) warn :  products added
( 2023-03-07 23:42:09 ) warn :  products added
( 2023-03-07 23:42:10 ) warn :  products added
( 2023-03-07 23:42:10 ) warn :  products added
( 2023-03-07 23:42:10 ) warn :  products added
( 2023-03-07 23:42:10 ) warn :  products added
( 2023-03-07 23:42:10 ) warn :  products added
( 2023-03-07 23:42:10 ) warn :  products added
( 2023-03-07 23:42:10 ) warn :  products added
( 2023-03-07 23:42:10 ) warn :  products added
( 2023-03-07 23:42:10 ) warn :  products added
( 2023-03-07 23:42:10 ) warn :  products added
( 2023-03-07 23:42:10 ) warn :  products added
( 2023-03-07 23:42:11 ) warn :  products added
( 2023-03-07 23:42:11 ) warn :  products added
( 2023-03-07 23:42:11 ) warn :  products added
( 2023-03-07 23:42:11 ) warn :  products added
( 2023-03-07 23:42:11 ) warn :  products added
( 2023-03-07 23:42:11 ) warn :  products added
( 2023-03-07 23:42:11 ) warn :  products added
( 2023-03-07 23:42:11 ) warn :  products added
( 2023-03-07 23:42:11 ) warn :  products added
( 2023-03-07 23:42:11 ) warn :  products added
( 2023-03-07 23:42:11 ) warn :  products added
( 2023-03-07 23:42:11 ) warn :  products added
( 2023-03-07 23:42:11 ) warn :  products added
( 2023-03-07 23:42:11 ) warn :  products added
( 2023-03-07 23:42:11 ) warn :  products added
( 2023-03-07 23:42:11 ) warn :  products added
( 2023-03-07 23:42:12 ) warn :  products added
( 2023-03-07 23:42:12 ) warn :  products added
( 2023-03-07 23:42:12 ) warn :  products added
( 2023-03-07 23:42:12 ) warn :  products added
( 2023-03-07 23:42:12 ) warn :  products added
( 2023-03-07 23:42:12 ) warn :  products added
( 2023-03-07 23:42:12 ) warn :  products added
( 2023-03-07 23:42:12 ) warn :  products added
( 2023-03-07 23:42:12 ) warn :  products added
( 2023-03-07 23:42:12 ) warn :  products added
( 2023-03-07 23:42:12 ) warn :  products added
( 2023-03-07 23:42:12 ) warn :  products added
( 2023-03-07 23:42:12 ) warn :  products added
( 2023-03-07 23:42:12 ) warn :  products added
( 2023-03-07 23:42:12 ) warn :  products added
( 2023-03-07 23:42:12 ) warn :  products added
( 2023-03-07 23:42:12 ) warn :  products added
( 2023-03-07 23:42:12 ) warn :  products added
( 2023-03-07 23:42:12 ) warn :  products added
( 2023-03-07 23:42:12 ) warn :  products added
( 2023-03-07 23:42:12 ) warn :  products added
( 2023-03-07 23:42:12 ) warn :  products added
( 2023-03-07 23:42:13 ) warn :  products added
( 2023-03-07 23:42:13 ) warn :  products added
( 2023-03-07 23:42:13 ) warn :  products added
( 2023-03-07 23:42:13 ) warn :  products added
( 2023-03-07 23:42:13 ) warn :  products added
( 2023-03-07 23:42:13 ) warn :  products added
( 2023-03-07 23:42:13 ) warn :  products added
( 2023-03-07 23:42:13 ) warn :  products added
( 2023-03-07 23:42:13 ) warn :  products added
( 2023-03-07 23:42:13 ) warn :  products added
( 2023-03-07 23:42:13 ) warn :  products added
( 2023-03-07 23:42:13 ) warn :  products added
( 2023-03-07 23:42:13 ) warn :  products added
( 2023-03-07 23:42:13 ) warn :  products added
( 2023-03-07 23:42:13 ) warn :  products added
( 2023-03-07 23:42:13 ) warn :  products added
( 2023-03-07 23:42:13 ) warn :  products added
( 2023-03-07 23:42:13 ) warn :  products added
( 2023-03-07 23:42:13 ) warn :  products added
( 2023-03-07 23:42:13 ) warn :  products added
( 2023-03-07 23:42:13 ) warn :  products added
( 2023-03-07 23:42:13 ) warn :  products added
( 2023-03-07 23:42:13 ) warn :  products added
( 2023-03-07 23:42:14 ) warn :  products added
( 2023-03-07 23:42:14 ) warn :  products added
( 2023-03-07 23:42:14 ) warn :  products added
( 2023-03-07 23:42:14 ) warn :  products added
( 2023-03-07 23:42:14 ) warn :  products added
( 2023-03-07 23:42:14 ) warn :  products added
( 2023-03-07 23:42:14 ) warn :  products added
( 2023-03-07 23:42:14 ) warn :  products added
( 2023-03-07 23:42:14 ) warn :  products added
( 2023-03-07 23:42:14 ) warn :  products added
( 2023-03-07 23:42:14 ) warn :  products added
( 2023-03-07 23:42:14 ) warn :  products added
( 2023-03-07 23:42:14 ) warn :  products added
( 2023-03-07 23:42:14 ) warn :  products added
( 2023-03-07 23:42:14 ) warn :  products added
( 2023-03-07 23:42:14 ) warn :  products added
( 2023-03-07 23:42:14 ) warn :  products added
( 2023-03-07 23:42:14 ) warn :  products added
( 2023-03-07 23:42:14 ) warn :  products added
( 2023-03-07 23:42:14 ) warn :  products added
( 2023-03-07 23:42:14 ) warn :  products added
( 2023-03-07 23:42:14 ) warn :  products added
( 2023-03-07 23:42:14 ) warn :  products added
( 2023-03-07 23:42:15 ) warn :  products added
( 2023-03-07 23:42:15 ) warn :  products added
( 2023-03-07 23:42:15 ) warn :  products added
( 2023-03-07 23:42:15 ) warn :  products added
( 2023-03-07 23:42:15 ) warn :  products added
( 2023-03-07 23:42:15 ) warn :  products added
( 2023-03-07 23:42:15 ) warn :  products added
( 2023-03-07 23:42:15 ) warn :  products added
( 2023-03-07 23:42:15 ) warn :  products added
( 2023-03-07 23:42:15 ) warn :  products added
( 2023-03-07 23:42:15 ) warn :  products added
( 2023-03-07 23:42:15 ) warn :  products added
( 2023-03-07 23:42:15 ) warn :  products added
( 2023-03-07 23:42:15 ) warn :  products added
( 2023-03-07 23:42:15 ) warn :  products added
( 2023-03-07 23:42:15 ) warn :  products added
( 2023-03-07 23:42:15 ) warn :  products added
( 2023-03-07 23:42:15 ) warn :  products added
( 2023-03-07 23:42:15 ) warn :  products added
( 2023-03-07 23:42:15 ) warn :  products added
( 2023-03-07 23:42:15 ) warn :  products added
( 2023-03-07 23:42:15 ) warn :  products added
( 2023-03-07 23:42:15 ) warn :  products added
( 2023-03-07 23:42:15 ) warn :  products added
( 2023-03-07 23:42:16 ) warn :  products added
( 2023-03-07 23:42:16 ) warn :  products added
( 2023-03-07 23:42:16 ) warn :  products added
( 2023-03-07 23:42:16 ) warn :  products added
( 2023-03-07 23:42:16 ) warn :  products added
( 2023-03-07 23:42:16 ) warn :  products added
( 2023-03-07 23:42:16 ) warn :  products added
( 2023-03-07 23:42:16 ) warn :  products added
( 2023-03-07 23:42:16 ) warn :  products added
( 2023-03-07 23:42:16 ) warn :  products added
( 2023-03-07 23:42:16 ) warn :  products added
( 2023-03-07 23:42:16 ) warn :  products added
( 2023-03-07 23:42:17 ) warn :  products added
( 2023-03-07 23:42:17 ) warn :  products added
( 2023-03-07 23:42:17 ) warn :  products added
( 2023-03-07 23:42:17 ) warn :  products added
( 2023-03-07 23:42:17 ) warn :  products added
( 2023-03-07 23:42:17 ) warn :  products added
( 2023-03-07 23:42:17 ) warn :  products added
( 2023-03-07 23:42:17 ) warn :  products added
( 2023-03-07 23:42:17 ) warn :  products added
( 2023-03-07 23:42:17 ) warn :  products added
( 2023-03-07 23:42:17 ) warn :  products added
( 2023-03-07 23:42:18 ) warn :  products added
( 2023-03-07 23:42:18 ) warn :  products added
( 2023-03-07 23:42:18 ) warn :  products added
( 2023-03-07 23:42:18 ) warn :  products added
( 2023-03-07 23:42:18 ) warn :  products added
( 2023-03-07 23:42:18 ) warn :  products added
( 2023-03-07 23:42:18 ) warn :  products added
( 2023-03-07 23:42:18 ) warn :  products added
( 2023-03-07 23:42:18 ) warn :  products added
( 2023-03-07 23:42:18 ) warn :  products added
( 2023-03-07 23:42:18 ) warn :  products added
( 2023-03-07 23:42:19 ) warn :  products added
( 2023-03-07 23:42:19 ) warn :  products added
( 2023-03-07 23:42:19 ) warn :  products added
( 2023-03-07 23:42:19 ) warn :  products added
( 2023-03-07 23:42:19 ) warn :  products added
( 2023-03-07 23:42:19 ) warn :  products added
( 2023-03-07 23:42:19 ) warn :  products added
( 2023-03-07 23:42:19 ) warn :  products added
( 2023-03-07 23:42:19 ) warn :  products added
( 2023-03-07 23:42:19 ) warn :  products added
( 2023-03-07 23:42:19 ) warn :  products added
( 2023-03-07 23:42:19 ) warn :  products added
( 2023-03-07 23:42:20 ) warn :  products added
( 2023-03-07 23:42:20 ) warn :  products added
( 2023-03-07 23:42:20 ) warn :  products added
( 2023-03-07 23:42:20 ) warn :  products added
( 2023-03-07 23:42:20 ) warn :  products added
( 2023-03-07 23:42:20 ) warn :  products added
( 2023-03-07 23:42:20 ) warn :  products added
( 2023-03-07 23:42:20 ) warn :  products added
( 2023-03-07 23:42:20 ) warn :  products added
( 2023-03-07 23:42:20 ) warn :  products added
( 2023-03-07 23:42:20 ) warn :  products added
( 2023-03-07 23:42:20 ) warn :  products added
( 2023-03-07 23:42:21 ) warn :  products added
( 2023-03-07 23:42:21 ) warn :  products added
( 2023-03-07 23:42:21 ) warn :  products added
( 2023-03-07 23:42:21 ) warn :  products added
( 2023-03-07 23:42:21 ) warn :  products added
( 2023-03-07 23:42:21 ) warn :  products added
( 2023-03-07 23:42:21 ) warn :  products added
( 2023-03-07 23:42:21 ) warn :  products added
( 2023-03-07 23:42:21 ) warn :  products added
( 2023-03-07 23:42:21 ) warn :  products added
( 2023-03-07 23:42:21 ) warn :  products added
( 2023-03-07 23:42:22 ) warn :  products added
( 2023-03-07 23:42:22 ) warn :  products added
( 2023-03-07 23:42:22 ) warn :  products added
( 2023-03-07 23:42:22 ) warn :  products added
( 2023-03-07 23:42:22 ) warn :  products added
( 2023-03-07 23:42:22 ) warn :  products added
( 2023-03-07 23:42:22 ) warn :  products added
( 2023-03-07 23:42:22 ) warn :  products added
( 2023-03-07 23:42:22 ) warn :  products added
( 2023-03-07 23:42:22 ) warn :  products added
( 2023-03-07 23:42:22 ) warn :  products added
( 2023-03-07 23:42:23 ) warn :  products added
( 2023-03-07 23:42:23 ) warn :  products added
( 2023-03-07 23:42:23 ) warn :  products added
( 2023-03-07 23:42:23 ) warn :  products added
( 2023-03-07 23:42:23 ) warn :  products added
( 2023-03-07 23:42:23 ) warn :  products added
( 2023-03-07 23:42:23 ) warn :  products added
( 2023-03-07 23:42:23 ) warn :  products added
( 2023-03-07 23:42:23 ) warn :  products added
( 2023-03-07 23:42:23 ) warn :  products added
( 2023-03-07 23:42:23 ) warn :  products added
( 2023-03-07 23:42:23 ) warn :  products added
( 2023-03-07 23:42:24 ) warn :  products added
( 2023-03-07 23:42:24 ) warn :  products added
( 2023-03-07 23:42:24 ) warn :  products added
( 2023-03-07 23:42:24 ) warn :  products added
( 2023-03-07 23:42:24 ) warn :  products added
( 2023-03-07 23:42:24 ) warn :  products added
( 2023-03-07 23:42:24 ) warn :  products added
( 2023-03-07 23:42:24 ) warn :  products added
( 2023-03-07 23:42:24 ) warn :  products added
( 2023-03-07 23:42:24 ) warn :  products added
( 2023-03-07 23:42:24 ) warn :  products added
( 2023-03-07 23:42:24 ) warn :  products added
( 2023-03-07 23:42:25 ) warn :  products added
( 2023-03-07 23:42:25 ) warn :  products added
( 2023-03-07 23:42:25 ) warn :  products added
( 2023-03-07 23:42:25 ) warn :  products added
( 2023-03-07 23:42:25 ) warn :  products added
( 2023-03-07 23:42:25 ) warn :  products added
( 2023-03-07 23:42:25 ) warn :  products added
( 2023-03-07 23:42:25 ) warn :  products added
( 2023-03-07 23:42:25 ) warn :  products added
( 2023-03-07 23:42:25 ) warn :  products added
( 2023-03-07 23:42:25 ) warn :  products added
( 2023-03-07 23:42:26 ) warn :  products added
( 2023-03-07 23:42:26 ) warn :  products added
( 2023-03-07 23:42:26 ) warn :  products added
( 2023-03-07 23:42:26 ) warn :  products added
( 2023-03-07 23:42:26 ) warn :  products added
( 2023-03-07 23:42:26 ) warn :  products added
( 2023-03-07 23:42:26 ) warn :  products added
( 2023-03-07 23:42:26 ) warn :  products added
( 2023-03-07 23:42:26 ) warn :  products added
( 2023-03-07 23:42:26 ) warn :  products added
( 2023-03-07 23:42:26 ) warn :  products added
( 2023-03-07 23:42:26 ) warn :  products added
( 2023-03-07 23:42:27 ) warn :  products added
( 2023-03-07 23:42:27 ) warn :  products added
( 2023-03-07 23:42:27 ) warn :  products added
( 2023-03-07 23:42:27 ) warn :  products added
( 2023-03-07 23:42:27 ) warn :  products added
( 2023-03-07 23:42:27 ) warn :  products added
( 2023-03-07 23:42:27 ) warn :  products added
( 2023-03-07 23:42:27 ) warn :  products added
( 2023-03-07 23:42:27 ) warn :  products added
( 2023-03-07 23:42:27 ) warn :  products added
( 2023-03-07 23:42:27 ) warn :  products added
( 2023-03-07 23:42:28 ) warn :  products added
( 2023-03-07 23:42:28 ) warn :  products added
( 2023-03-07 23:42:28 ) warn :  products added
( 2023-03-07 23:42:28 ) warn :  products added
( 2023-03-07 23:42:28 ) warn :  products added
( 2023-03-07 23:42:28 ) warn :  products added
( 2023-03-07 23:42:28 ) warn :  products added
( 2023-03-07 23:42:28 ) warn :  products added
( 2023-03-07 23:42:28 ) warn :  products added
( 2023-03-07 23:42:28 ) warn :  products added
( 2023-03-07 23:42:28 ) warn :  products added
( 2023-03-07 23:42:28 ) warn :  products added
( 2023-03-07 23:42:29 ) warn :  products added
( 2023-03-07 23:42:29 ) warn :  products added
( 2023-03-07 23:42:29 ) warn :  products added
( 2023-03-07 23:42:29 ) warn :  products added
( 2023-03-07 23:42:29 ) warn :  products added
( 2023-03-07 23:42:29 ) warn :  products added
( 2023-03-07 23:42:29 ) warn :  products added
( 2023-03-07 23:42:29 ) warn :  products added
( 2023-03-07 23:42:29 ) warn :  products added
( 2023-03-07 23:42:29 ) warn :  products added
( 2023-03-07 23:42:29 ) warn :  products added
( 2023-03-07 23:42:30 ) warn :  products added
( 2023-03-07 23:42:30 ) warn :  products added
( 2023-03-07 23:42:30 ) warn :  products added
( 2023-03-07 23:42:30 ) warn :  products added
( 2023-03-07 23:42:30 ) warn :  products added
( 2023-03-07 23:42:30 ) warn :  products added
( 2023-03-07 23:42:30 ) warn :  products added
( 2023-03-07 23:42:30 ) warn :  products added
( 2023-03-07 23:42:30 ) warn :  products added
( 2023-03-07 23:42:30 ) warn :  products added
( 2023-03-07 23:42:30 ) warn :  products added
( 2023-03-07 23:42:30 ) warn :  products added
( 2023-03-07 23:42:31 ) warn :  products added
( 2023-03-07 23:42:31 ) warn :  products added
( 2023-03-07 23:42:31 ) warn :  products added
( 2023-03-07 23:42:31 ) warn :  products added
( 2023-03-07 23:42:31 ) warn :  products added
( 2023-03-07 23:42:31 ) warn :  products added
( 2023-03-07 23:42:31 ) warn :  products added
( 2023-03-07 23:42:31 ) warn :  products added
( 2023-03-07 23:42:31 ) warn :  products added
( 2023-03-07 23:42:31 ) warn :  products added
( 2023-03-07 23:42:31 ) warn :  products added
( 2023-03-07 23:42:32 ) warn :  products added
( 2023-03-07 23:42:32 ) warn :  products added
( 2023-03-07 23:42:32 ) warn :  products added
( 2023-03-07 23:42:32 ) warn :  products added
( 2023-03-07 23:42:32 ) warn :  products added
( 2023-03-07 23:42:32 ) warn :  products added
( 2023-03-07 23:42:32 ) warn :  products added
( 2023-03-07 23:42:32 ) warn :  products added
( 2023-03-07 23:42:32 ) warn :  products added
( 2023-03-07 23:42:32 ) warn :  products added
( 2023-03-07 23:42:32 ) warn :  products added
( 2023-03-07 23:42:32 ) warn :  products added
( 2023-03-07 23:42:33 ) warn :  products added
( 2023-03-07 23:42:33 ) warn :  products added
( 2023-03-07 23:42:33 ) warn :  products added
( 2023-03-07 23:42:33 ) warn :  products added
( 2023-03-07 23:42:33 ) warn :  products added
( 2023-03-07 23:42:33 ) warn :  products added
( 2023-03-07 23:42:33 ) warn :  products added
( 2023-03-07 23:42:33 ) warn :  products added
( 2023-03-07 23:42:33 ) warn :  products added
( 2023-03-07 23:42:33 ) warn :  products added
( 2023-03-07 23:42:33 ) warn :  products added
( 2023-03-07 23:42:33 ) warn :  products added
( 2023-03-07 23:42:34 ) warn :  products added
( 2023-03-07 23:42:34 ) warn :  products added
( 2023-03-07 23:42:34 ) warn :  products added
( 2023-03-07 23:42:34 ) warn :  products added
( 2023-03-07 23:42:34 ) warn :  products added
( 2023-03-07 23:42:34 ) warn :  products added
( 2023-03-07 23:42:34 ) warn :  products added
( 2023-03-07 23:42:34 ) warn :  products added
( 2023-03-07 23:42:34 ) warn :  products added
( 2023-03-07 23:42:34 ) warn :  products added
( 2023-03-07 23:42:34 ) warn :  products added
( 2023-03-07 23:42:35 ) warn :  products added
( 2023-03-07 23:42:35 ) warn :  products added
( 2023-03-08 01:00:57 ) warn :  products added
( 2023-03-08 01:00:57 ) warn :  products added
( 2023-03-08 01:00:57 ) warn :  products added
( 2023-03-08 01:00:57 ) warn :  products added
( 2023-03-08 01:00:57 ) warn :  products added
( 2023-03-08 01:00:57 ) warn :  products added
( 2023-03-08 01:00:57 ) warn :  products added
( 2023-03-08 01:00:57 ) warn :  products added
( 2023-03-08 01:00:57 ) warn :  products added
( 2023-03-08 01:00:57 ) warn :  products added
( 2023-03-08 01:00:57 ) warn :  products added
( 2023-03-08 01:00:58 ) warn :  products added
( 2023-03-08 01:00:58 ) warn :  products added
( 2023-03-08 01:00:58 ) warn :  products added
( 2023-03-08 01:00:58 ) warn :  products added
( 2023-03-08 01:00:58 ) warn :  products added
( 2023-03-08 01:00:58 ) warn :  products added
( 2023-03-08 01:00:58 ) warn :  products added
( 2023-03-08 01:00:58 ) warn :  products added
( 2023-03-08 01:00:58 ) warn :  products added
( 2023-03-08 01:00:59 ) warn :  products added
( 2023-03-08 01:00:59 ) warn :  products added
( 2023-03-08 01:00:59 ) warn :  products added
( 2023-03-08 01:00:59 ) warn :  products added
( 2023-03-08 01:00:59 ) warn :  products added
( 2023-03-08 01:00:59 ) warn :  products added
( 2023-03-08 01:00:59 ) warn :  products added
( 2023-03-08 01:00:59 ) warn :  products added
( 2023-03-08 01:00:59 ) warn :  products added
( 2023-03-08 01:00:59 ) warn :  products added
( 2023-03-08 01:00:59 ) warn :  products added
( 2023-03-08 01:00:59 ) warn :  products added
( 2023-03-08 01:01:00 ) warn :  products added
( 2023-03-08 01:01:00 ) warn :  products added
( 2023-03-08 01:01:00 ) warn :  products added
( 2023-03-08 01:01:00 ) warn :  products added
( 2023-03-08 01:01:00 ) warn :  products added
( 2023-03-08 01:01:00 ) warn :  products added
( 2023-03-08 01:01:00 ) warn :  products added
( 2023-03-08 01:01:00 ) warn :  products added
( 2023-03-08 01:01:00 ) warn :  products added
( 2023-03-08 01:01:00 ) warn :  products added
( 2023-03-08 01:01:00 ) warn :  products added
( 2023-03-08 01:01:01 ) warn :  products added
( 2023-03-08 01:01:01 ) warn :  products added
( 2023-03-08 01:01:01 ) warn :  products added
( 2023-03-08 01:01:01 ) warn :  products added
( 2023-03-08 01:01:01 ) warn :  products added
( 2023-03-08 01:01:01 ) warn :  products added
( 2023-03-08 01:01:01 ) warn :  products added
( 2023-03-08 01:04:35 ) warn :  products added
( 2023-03-08 01:04:35 ) warn :  products added
( 2023-03-08 01:04:35 ) warn :  products added
( 2023-03-08 01:04:35 ) warn :  products added
( 2023-03-08 01:04:35 ) warn :  products added
( 2023-03-08 01:04:35 ) warn :  products added
( 2023-03-08 01:04:35 ) warn :  products added
( 2023-03-08 01:04:35 ) warn :  products added
( 2023-03-08 01:04:36 ) warn :  products added
( 2023-03-08 01:04:36 ) warn :  products added
( 2023-03-08 01:04:36 ) warn :  products added
( 2023-03-08 01:04:36 ) warn :  products added
( 2023-03-08 01:04:36 ) warn :  products added
( 2023-03-08 01:04:36 ) warn :  products added
( 2023-03-08 01:04:36 ) warn :  products added
( 2023-03-08 01:04:36 ) warn :  products added
( 2023-03-08 01:04:36 ) warn :  products added
( 2023-03-08 01:04:36 ) warn :  products added
( 2023-03-08 01:04:36 ) warn :  products added
( 2023-03-08 01:04:37 ) warn :  products added
( 2023-03-08 01:04:37 ) warn :  products added
( 2023-03-08 01:04:37 ) warn :  products added
( 2023-03-08 01:04:37 ) warn :  products added
( 2023-03-08 01:04:37 ) warn :  products added
( 2023-03-08 01:04:37 ) warn :  products added
( 2023-03-08 01:04:37 ) warn :  products added
( 2023-03-08 01:04:37 ) warn :  products added
( 2023-03-08 01:04:37 ) warn :  products added
( 2023-03-08 01:04:37 ) warn :  products added
( 2023-03-08 01:04:38 ) warn :  products added
( 2023-03-08 01:04:38 ) warn :  products added
( 2023-03-08 01:04:38 ) warn :  products added
( 2023-03-08 01:04:38 ) warn :  products added
( 2023-03-08 01:04:38 ) warn :  products added
( 2023-03-08 01:04:38 ) warn :  products added
( 2023-03-08 01:04:38 ) warn :  products added
( 2023-03-08 01:04:38 ) warn :  products added
( 2023-03-08 01:04:38 ) warn :  products added
( 2023-03-08 01:04:38 ) warn :  products added
( 2023-03-08 01:04:38 ) warn :  products added
( 2023-03-08 01:04:38 ) warn :  products added
( 2023-03-08 01:04:39 ) warn :  products added
( 2023-03-08 01:04:39 ) warn :  products added
( 2023-03-08 01:04:39 ) warn :  products added
( 2023-03-08 01:04:39 ) warn :  products added
( 2023-03-08 01:04:39 ) warn :  products added
( 2023-03-08 01:04:39 ) warn :  products added
( 2023-03-08 01:04:39 ) warn :  products added
( 2023-03-08 01:04:39 ) warn :  products added
( 2023-03-08 01:04:39 ) warn :  products added
( 2023-03-08 01:35:15 ) warn :  products added
( 2023-03-08 01:35:15 ) warn :  products added
( 2023-03-08 01:35:15 ) warn :  products added
( 2023-03-08 01:35:15 ) warn :  products added
( 2023-03-08 01:35:15 ) warn :  products added
( 2023-03-08 01:35:46 ) warn :  products added
( 2023-03-08 01:35:46 ) warn :  products added
( 2023-03-08 01:35:46 ) warn :  products added
( 2023-03-08 01:35:46 ) warn :  products added
( 2023-03-08 01:35:46 ) warn :  products added
( 2023-03-08 01:49:58 ) warn :  products added
( 2023-03-08 01:49:58 ) warn :  products added
( 2023-03-08 01:49:58 ) warn :  products added
( 2023-03-08 01:49:58 ) warn :  products added
( 2023-03-08 01:49:58 ) warn :  products added
( 2023-03-08 02:33:23 ) warn :  products added
( 2023-03-08 02:33:23 ) warn :  products added
( 2023-03-08 02:33:23 ) warn :  products added
( 2023-03-08 02:33:23 ) warn :  products added
( 2023-03-08 02:33:23 ) warn :  products added
( 2023-03-08 02:33:29 ) warn :  products added
( 2023-03-08 02:33:29 ) warn :  products added
( 2023-03-08 02:33:29 ) warn :  products added
( 2023-03-08 02:33:29 ) warn :  products added
( 2023-03-08 02:33:29 ) warn :  products added
( 2023-03-08 02:33:29 ) warn :  products added
( 2023-03-08 02:33:29 ) warn :  products added
( 2023-03-08 02:33:29 ) warn :  products added
( 2023-03-08 02:33:30 ) warn :  products added
( 2023-03-08 02:33:30 ) warn :  products added
( 2023-03-08 02:33:30 ) warn :  products added
( 2023-03-08 02:33:30 ) warn :  products added
( 2023-03-08 02:33:30 ) warn :  products added
( 2023-03-08 02:33:30 ) warn :  products added
( 2023-03-08 02:33:30 ) warn :  products added
( 2023-03-08 02:33:30 ) warn :  products added
( 2023-03-08 02:33:30 ) warn :  products added
( 2023-03-08 02:33:30 ) warn :  products added
( 2023-03-08 02:33:30 ) warn :  products added
( 2023-03-08 02:33:30 ) warn :  products added
( 2023-03-08 02:33:31 ) warn :  products added
( 2023-03-08 02:33:31 ) warn :  products added
( 2023-03-08 02:33:31 ) warn :  products added
( 2023-03-08 02:33:31 ) warn :  products added
( 2023-03-08 02:33:31 ) warn :  products added
( 2023-03-08 02:33:31 ) warn :  products added
( 2023-03-08 02:33:31 ) warn :  products added
( 2023-03-08 02:33:31 ) warn :  products added
( 2023-03-08 02:33:31 ) warn :  products added
( 2023-03-08 02:33:31 ) warn :  products added
( 2023-03-08 02:33:31 ) warn :  products added
( 2023-03-08 02:33:31 ) warn :  products added
( 2023-03-08 02:33:32 ) warn :  products added
( 2023-03-08 02:33:32 ) warn :  products added
( 2023-03-08 02:33:32 ) warn :  products added
( 2023-03-08 02:33:32 ) warn :  products added
( 2023-03-08 02:33:32 ) warn :  products added
( 2023-03-08 02:33:32 ) warn :  products added
( 2023-03-08 02:33:32 ) warn :  products added
( 2023-03-08 02:33:32 ) warn :  products added
( 2023-03-08 02:33:32 ) warn :  products added
( 2023-03-08 02:33:32 ) warn :  products added
( 2023-03-08 02:33:32 ) warn :  products added
( 2023-03-08 02:33:33 ) warn :  products added
( 2023-03-08 02:33:33 ) warn :  products added
( 2023-03-08 02:33:33 ) warn :  products added
( 2023-03-08 02:33:33 ) warn :  products added
( 2023-03-08 02:33:33 ) warn :  products added
( 2023-03-08 02:33:33 ) warn :  products added
( 2023-03-08 02:33:33 ) warn :  products added
( 2023-03-08 04:28:19 ) warn : Edited
( 2023-03-08 05:18:00 ) warn :  products added
( 2023-03-08 06:59:39 ) warn :  products added
( 2023-03-08 06:59:39 ) warn :  products added
( 2023-03-08 06:59:39 ) warn :  products added
( 2023-03-08 06:59:39 ) warn :  products added
( 2023-03-08 06:59:39 ) warn :  products added
( 2023-03-08 06:59:50 ) warn :  products added
( 2023-03-08 06:59:50 ) warn :  products added
( 2023-03-08 06:59:50 ) warn :  products added
( 2023-03-08 06:59:50 ) warn :  products added
( 2023-03-08 06:59:50 ) warn :  products added
( 2023-03-08 06:59:50 ) warn :  products added
( 2023-03-08 06:59:50 ) warn :  products added
( 2023-03-08 06:59:50 ) warn :  products added
( 2023-03-08 06:59:50 ) warn :  products added
( 2023-03-08 06:59:50 ) warn :  products added
( 2023-03-08 06:59:50 ) warn :  products added
( 2023-03-08 06:59:50 ) warn :  products added
( 2023-03-08 06:59:51 ) warn :  products added
( 2023-03-08 06:59:51 ) warn :  products added
( 2023-03-08 06:59:51 ) warn :  products added
( 2023-03-08 06:59:51 ) warn :  products added
( 2023-03-08 06:59:51 ) warn :  products added
( 2023-03-08 06:59:51 ) warn :  products added
( 2023-03-08 06:59:51 ) warn :  products added
( 2023-03-08 06:59:51 ) warn :  products added
( 2023-03-08 06:59:51 ) warn :  products added
( 2023-03-08 06:59:51 ) warn :  products added
( 2023-03-08 06:59:51 ) warn :  products added
( 2023-03-08 06:59:52 ) warn :  products added
( 2023-03-08 06:59:52 ) warn :  products added
( 2023-03-08 06:59:52 ) warn :  products added
( 2023-03-08 06:59:52 ) warn :  products added
( 2023-03-08 06:59:52 ) warn :  products added
( 2023-03-08 06:59:52 ) warn :  products added
( 2023-03-08 06:59:52 ) warn :  products added
( 2023-03-08 06:59:52 ) warn :  products added
( 2023-03-08 06:59:52 ) warn :  products added
( 2023-03-08 06:59:52 ) warn :  products added
( 2023-03-08 06:59:52 ) warn :  products added
( 2023-03-08 06:59:53 ) warn :  products added
( 2023-03-08 06:59:53 ) warn :  products added
( 2023-03-08 06:59:53 ) warn :  products added
( 2023-03-08 06:59:53 ) warn :  products added
( 2023-03-08 06:59:53 ) warn :  products added
( 2023-03-08 06:59:53 ) warn :  products added
( 2023-03-08 06:59:53 ) warn :  products added
( 2023-03-08 06:59:53 ) warn :  products added
( 2023-03-08 06:59:53 ) warn :  products added
( 2023-03-08 06:59:53 ) warn :  products added
( 2023-03-08 06:59:53 ) warn :  products added
( 2023-03-08 06:59:54 ) warn :  products added
( 2023-03-08 06:59:54 ) warn :  products added
( 2023-03-08 06:59:54 ) warn :  products added
( 2023-03-08 06:59:54 ) warn :  products added
( 2023-03-08 06:59:54 ) warn :  products added
( 2023-03-08 22:30:55 ) warn :  products added
( 2023-03-09 02:08:03 ) warn :  products added
( 2023-03-09 02:09:59 ) warn :  products added
( 2023-03-09 02:10:27 ) warn :  products added
( 2023-03-09 02:13:08 ) warn :  products added
( 2023-03-09 02:13:46 ) warn :  products added
( 2023-03-09 02:14:53 ) warn :  products added
( 2023-03-09 02:16:13 ) warn :  products added
( 2023-03-09 02:16:59 ) warn :  products added
( 2023-03-09 02:19:01 ) warn :  products added
( 2023-03-09 02:27:26 ) warn :  products added
( 2023-03-09 02:31:04 ) warn :  products added
( 2023-03-09 02:31:17 ) warn :  products added
( 2023-03-09 02:31:34 ) warn :  products added
( 2023-03-09 02:32:17 ) warn :  products added
( 2023-03-09 02:32:28 ) warn :  products added
( 2023-03-09 02:35:52 ) warn :  products added
( 2023-03-09 02:37:20 ) warn :  products added
( 2023-03-09 02:38:06 ) warn :  products added
( 2023-03-09 02:39:03 ) warn :  products added
( 2023-03-09 02:47:12 ) warn :  products added
( 2023-03-09 02:47:55 ) warn :  products added
( 2023-03-09 02:49:01 ) warn :  products added
( 2023-03-09 02:49:54 ) warn :  products added
( 2023-03-09 02:51:49 ) warn :  products added
( 2023-03-09 02:53:22 ) warn :  products added
( 2023-03-09 02:56:08 ) warn :  products added
( 2023-03-09 02:56:08 ) warn :  products added
( 2023-03-09 02:56:08 ) warn :  products added
( 2023-03-09 02:56:08 ) warn :  products added
( 2023-03-09 02:56:08 ) warn :  products added
( 2023-03-09 02:56:17 ) warn :  products added
( 2023-03-09 02:56:17 ) warn :  products added
( 2023-03-09 02:56:17 ) warn :  products added
( 2023-03-09 02:56:18 ) warn :  products added
( 2023-03-09 02:56:18 ) warn :  products added
( 2023-03-09 02:56:18 ) warn :  products added
( 2023-03-09 02:56:18 ) warn :  products added
( 2023-03-09 02:56:18 ) warn :  products added
( 2023-03-09 02:56:18 ) warn :  products added
( 2023-03-09 02:56:18 ) warn :  products added
( 2023-03-09 02:56:18 ) warn :  products added
( 2023-03-09 02:56:18 ) warn :  products added
( 2023-03-09 02:56:18 ) warn :  products added
( 2023-03-09 02:56:18 ) warn :  products added
( 2023-03-09 02:56:19 ) warn :  products added
( 2023-03-09 02:56:19 ) warn :  products added
( 2023-03-09 02:56:19 ) warn :  products added
( 2023-03-09 02:56:19 ) warn :  products added
( 2023-03-09 02:56:19 ) warn :  products added
( 2023-03-09 02:56:19 ) warn :  products added
( 2023-03-09 02:57:09 ) warn :  products added
( 2023-03-09 02:58:34 ) warn :  products added
( 2023-03-09 02:59:38 ) warn :  products added
( 2023-03-09 03:08:51 ) warn : Edited
